Build started 1/31/2016 8:49:26 PM.
     1>Project "E:\ModOrganizerData\mods\SimplyKnock\simplyknock_skse_plugin\plugin_example\plugin_example.vcxproj" on node 2 (Build target(s)).
     1>C:\Program Files (x86)\MSBuild\Microsoft.Cpp\v4.0\V120\Microsoft.CppBuild.targets(388,5): warning MSB8028: The intermediate directory (Debug\) contains files shared from another project (plugin_example.vcxproj).  This can lead to incorrect clean and rebuild behavior.
     1>ClCompile:
         C:\Program Files (x86)\Microsoft Visual Studio 12.0\VC\bin\CL.exe /c /IE:\ModOrganizerData\mods\SimplyKnock\simplyknock_skse_plugin\\..\common /IE:\ModOrganizerData\mods\SimplyKnock\simplyknock_skse_plugin\ /IE:\ModOrganizerData\mods\SimplyKnock\simplyknock_skse_plugin\\.. /ZI /nologo /W3 /WX- /Od /Oy- /D WIN32 /D _DEBUG /D _WINDOWS /D _USRDLL /D PLUGIN_EXAMPLE_EXPORTS /D _WINDLL /D _MBCS /Gm /EHsc /RTC1 /MTd /GS /fp:precise /Zc:wchar_t /Zc:forScope /Fo"Debug\\" /Fd"Debug\vc120.pdb" /Gd /TP /FIcommon/IPrefix.h /analyze- /errorReport:prompt ..\skse\GameReferences.cpp main.cpp SimplyKnock.cpp
         SimplyKnock.cpp
         main.cpp
         Generating Code...
         Skipping... (no relevant changes detected)
         GameReferences.cpp
     1>Project "E:\ModOrganizerData\mods\SimplyKnock\simplyknock_skse_plugin\plugin_example\plugin_example.vcxproj" (1) is building "E:\ModOrganizerData\mods\SimplyKnock\simplyknock_skse_plugin\skse\skse.vcxproj" (3:3) on node 1 (GetResolvedLinkLibs target(s)).
     3>C:\Program Files (x86)\MSBuild\12.0\bin\Microsoft.Common.CurrentVersion.targets(1492,5): warning : The referenced project '..\..\common\common_vc9.vcxproj' does not exist.
     3>Done Building Project "E:\ModOrganizerData\mods\SimplyKnock\simplyknock_skse_plugin\skse\skse.vcxproj" (GetResolvedLinkLibs target(s)).
     1>Link:
         C:\Program Files (x86)\Microsoft Visual Studio 12.0\VC\bin\link.exe /ERRORREPORT:PROMPT /OUT:"E:\ModOrganizerData\mods\SimplyKnock\simplyknock_skse_plugin\Debug\simplyknock.dll" /INCREMENTAL /NOLOGO kernel32.lib user32.lib gdi32.lib winspool.lib comdlg32.lib advapi32.lib shell32.lib ole32.lib oleaut32.lib uuid.lib odbc32.lib odbccp32.lib /DEF:"exports.def" /MANIFEST /MANIFESTUAC:"level='asInvoker' uiAccess='false'" /manifest:embed /DEBUG /PDB:"E:\ModOrganizerData\mods\SimplyKnock\simplyknock_skse_plugin\Debug\simplyknock.pdb" /SUBSYSTEM:WINDOWS /TLBID:1 /DYNAMICBASE /NXCOMPAT /IMPLIB:"E:\ModOrganizerData\mods\SimplyKnock\simplyknock_skse_plugin\Debug\simplyknock.lib" /MACHINE:X86 /SAFESEH /DLL Debug\GameReferences.obj
         Debug\main.obj
         Debug\SimplyKnock.obj
         E:\ModOrganizerData\mods\SimplyKnock\simplyknock_skse_plugin\Debug\common.lib
         E:\ModOrganizerData\mods\SimplyKnock\simplyknock_skse_plugin\Debug\skse.lib
     1>GameReferences.obj : warning LNK4075: ignoring '/EDITANDCONTINUE' due to '/SAFESEH' specification
            Creating library E:\ModOrganizerData\mods\SimplyKnock\simplyknock_skse_plugin\Debug\simplyknock.lib and object E:\ModOrganizerData\mods\SimplyKnock\simplyknock_skse_plugin\Debug\simplyknock.exp
     1>simplyknock.exp : warning LNK4070: /OUT:plugin_example.dll directive in .EXP differs from output filename 'E:\ModOrganizerData\mods\SimplyKnock\simplyknock_skse_plugin\Debug\simplyknock.dll'; ignoring directive
         plugin_example.vcxproj -> E:\ModOrganizerData\mods\SimplyKnock\simplyknock_skse_plugin\Debug\simplyknock.dll
     1>Done Building Project "E:\ModOrganizerData\mods\SimplyKnock\simplyknock_skse_plugin\plugin_example\plugin_example.vcxproj" (Build target(s)).

Build succeeded.

Time Elapsed 00:00:01.74
